Determining if the pthread_create exist failed with the following output:
Change Dir: /home/workspace/REX_WS/Udacity-Robotics-Engineer/Project2/catkin_ws/build/CMakeFiles/CMakeTmp

Run Build Command:"/usr/bin/make" "cmTC_df17e/fast"
/usr/bin/make -f CMakeFiles/cmTC_df17e.dir/build.make CMakeFiles/cmTC_df17e.dir/build
make[1]: Entering directory '/home/workspace/REX_WS/Udacity-Robotics-Engineer/Project2/catkin_ws/build/CMakeFiles/CMakeTmp'
Building C object CMakeFiles/cmTC_df17e.dir/CheckSymbolExists.c.o
/usr/bin/cc     -o CMakeFiles/cmTC_df17e.dir/CheckSymbolExists.c.o   -c /home/workspace/REX_WS/Udacity-Robotics-Engineer/Project2/catkin_ws/build/CMakeFiles/CMakeTmp/CheckSymbolExists.c
Linking C executable cmTC_df17e
/usr/bin/cmake -E cmake_link_script CMakeFiles/cmTC_df17e.dir/link.txt --verbose=1
/usr/bin/cc       CMakeFiles/cmTC_df17e.dir/CheckSymbolExists.c.o  -o cmTC_df17e -rdynamic 
CMakeFiles/cmTC_df17e.dir/CheckSymbolExists.c.o: In function `main':
CheckSymbolExists.c:(.text+0x16): undefined reference to `pthread_create'
collect2: error: ld returned 1 exit status
CMakeFiles/cmTC_df17e.dir/build.make:97: recipe for target 'cmTC_df17e' failed
make[1]: *** [cmTC_df17e] Error 1
make[1]: Leaving directory '/home/workspace/REX_WS/Udacity-Robotics-Engineer/Project2/catkin_ws/build/CMakeFiles/CMakeTmp'
Makefile:126: recipe for target 'cmTC_df17e/fast' failed
make: *** [cmTC_df17e/fast] Error 2

File /home/workspace/REX_WS/Udacity-Robotics-Engineer/Project2/catkin_ws/build/CMakeFiles/CMakeTmp/CheckSymbolExists.c:
/* */
#include <pthread.h>

int main(int argc, char** argv)
{
  (void)argv;
#ifndef pthread_create
  return ((int*)(&pthread_create))[argc];
#else
  (void)argc;
  return 0;
#endif
}

Determining if the function pthread_create exists in the pthreads failed with the following output:
Change Dir: /home/workspace/REX_WS/Udacity-Robotics-Engineer/Project2/catkin_ws/build/CMakeFiles/CMakeTmp

Run Build Command:"/usr/bin/make" "cmTC_6fa9e/fast"
/usr/bin/make -f CMakeFiles/cmTC_6fa9e.dir/build.make CMakeFiles/cmTC_6fa9e.dir/build
make[1]: Entering directory '/home/workspace/REX_WS/Udacity-Robotics-Engineer/Project2/catkin_ws/build/CMakeFiles/CMakeTmp'
Building C object CMakeFiles/cmTC_6fa9e.dir/CheckFunctionExists.c.o
/usr/bin/cc    -DCHECK_FUNCTION_EXISTS=pthread_create   -o CMakeFiles/cmTC_6fa9e.dir/CheckFunctionExists.c.o   -c /usr/share/cmake-3.5/Modules/CheckFunctionExists.c
Linking C executable cmTC_6fa9e
/usr/bin/cmake -E cmake_link_script CMakeFiles/cmTC_6fa9e.dir/link.txt --verbose=1
/usr/bin/cc   -DCHECK_FUNCTION_EXISTS=pthread_create    CMakeFiles/cmTC_6fa9e.dir/CheckFunctionExists.c.o  -o cmTC_6fa9e -rdynamic -lpthreads 
/usr/bin/ld: cannot find -lpthreads
collect2: error: ld returned 1 exit status
CMakeFiles/cmTC_6fa9e.dir/build.make:97: recipe for target 'cmTC_6fa9e' failed
make[1]: *** [cmTC_6fa9e] Error 1
make[1]: Leaving directory '/home/workspace/REX_WS/Udacity-Robotics-Engineer/Project2/catkin_ws/build/CMakeFiles/CMakeTmp'
Makefile:126: recipe for target 'cmTC_6fa9e/fast' failed
make: *** [cmTC_6fa9e/fast] Error 2


